[  000000]Iniazig cgupubyscpet
[   0000] Iniialiing cgroupubs cpu
   00000] nialing ro subsycpcc
  0.0000 Lix rsion .4-5-genri(bldd@w054 (gccveio 5.40 1609 (Ubtu5.4.0-6uun1~.04. )78Ubun S Fi De9 :5:32 UT20 (Ubunu 4.0-7.78-enic4.4.35
   0000000] Comand line: BOOT_IMAGE=/boot/vmlinuz-4.4.0-57-generic rotLAL=clouimrofs ro onlety1 coolttyS0   0.0000KERN spoted cpu:   0.00000]   Iel GenueIel
  0.0000  D uthetiMD
[    0000]  enurCentrHls
[  00000] x8/f: tate_ofs[2  576, sttesies[2: 25
   00000 x86/fpuSupporinXSVE ftu 001 '7 loting pint resters'[   0.0000]x86/puSuorti XVEfeatur 02:'SSE risrs'
[  00000 x/fu:uprtng XAVfeure 0x04: 'AVX regsts'
[  000000] x86/fpu Ebl xstate eatus x7, cte sze i83byes, usin'sndardfoat
[   .00000] 6/u:Usin'ly'FPU conex stches.
  0.0000] e8: OS-prodephsical RAma:
[  00000] OS820:me0x00000000000x000000009ff] sable
[   0000 BS-820: [m 00000009f00-0x00000000009ff]esrved
[   .00000BI-e20: emx0000000f00-0x000000fffffrervd
[  00000 BOS82: [m 000000001000x00000003efffusle
[    0.000 BIOSe820:[mm 0x000000003fff0000-0x000000003fffffff] ACPI data
[    0.000000] BIOS-e820: [mem 0x000000fec000x00000f00ff] seed
[   0000] BIS-20 [mem x00000fe00-0x00000fe0fff] seed
[   .000] BIS-20 [mem 000000fff000x00000ffffff]esved  0.0000NX(Eece sable)prtetin: active
[   00000]SMOS.5 present.[   0.00] yperis dtectedKV
[    0.00000e8: last_pfn 0xfff0maar_pfn 0000000
[   00000]TR Disle
[   0.00] 86/P: RRs saed skiinPA itiiztionoo
[    0.00] x6/PAT: Configuration [0-7]: WB  WT  UC- UC  WB  WT  UC- UC 
[   0.00] PU MRR a bank - rtlize ste
[  00000] unSM MPtae  [me0x09ff0x09fff]apd t ff800009ff
   00000Scanin1 eas fo l mmory cruio
[   0000] MDIS [mem0x6ba00-x375aff
[   0.0000ACPI: ar tle cecumerificiodiable
[   0000] PI RDPx000000000 0004 02VB  
[   0.00] CP: DTx0000003F030 003(v01 VOX VXXSDT 00001 SL  0000)
[   .0000] ACPI:FACP0x000000003FFF0 00F(v4 VB  BOFACP00001 L 0000)    0.00] CP DT x00000FF0470020F(v VX   OXOS000000IN 20152
    0000] CP FCS 0x000003FF020 004
  0.0000AC: FACS x0000003FF00 00040[   0.00] ACPI AC x000000FF240 005Cv02 OX VOXPI000001SL000006)   0.000 ACP: DTx000003FF02A0 00C v01 VB  BOCPT 0002 IN 200528
  0.0000] No MAconfguatio fund[  00000 Fkig a nde  [em 0x00000000000-0x00003ffeff
    0.000]NODEAT0) alocaed [em 0xffb00-x3fff]
[  .0000] kvmclock Uing mrsb54d0 a 464d0
[   000000kvcloc: u , ms 0ff3001, rimar cpu loc
[    0.00000] kvm-clock: using sched offsetof901446cyle
  0.0000 cckource: vmlok: mk:xffffffffffffff macyles:0xd4e4df, x_idle_: 15901483s
[  00000] Ze nges
  0.0000  A    [m x00000001000-0000000ffff][    0.0000]  DMA32    [mem x00000001000-0x0000003fffff
  0.00000  orma  pt
[   0.000]   eve empt
[   .00000]ovabe zo srt fr chnod
  0.0000]ar memoy derage
[  0.000] node   : [mem 0x00000000000x00000009efff]
[   .000000]   node   0: [mem 0x000000000010000-0x0000003feff
[    0.000] nitm sup noe [mm 0x00000000100x0000000ffeff
[  0.00000] ACPI: M-imr O Port 000
[    0.000 IAPC[: ic_id 2veion 3, drs 0xc000 GSI0-
    0.000]ACPI: INTRCVR (s bus_irq  gobal_irq 2fl df)   0.00000 AI: I_S_OR (bus bs_ir 9lol_ir 9ig levl)[    00000 Usig PI(MADT)foSMconfurio infmaon
[   .0000]mpot Allwi 2PUs, hplg Us
[  00000] PM: Regstered osve memy:me 0x0000-0x00ff
   0.00000 PM:Restre navmemo: em 000f0-0x09ff]
  0.0000 P Rgisterenove memoy: [m 0000000x00eff]
[  .0000]M:egsterd ose mery[mm x0f000-000ff]
[   0.0000] e820 [emx400000xfbfff] aiabe r I evics    0.00] Boinpaavtuizd kneonKVM
[  00000 ccksorc rfined-ffes mask:xffffff x_cles:0xffff, x_ilens: 7655960211568ns
[   0.000] superpu: _CS:12 nr_umk_its:12r_puid2 _node_ds
    0.000]ERCP Eedde33ags/cpu ff8803f00 s8264812 28712 u486
[    .0000]PVspnlock astale enri: 56 (ord:  4096 ytes)
    .00000]ui 1zolis n No oer, moily oupi o  ota pes257913[   0.00] oliczo: DMA3
  0.0000Kenel omndline BT_MAG/bt/vmlinu-4.057-gneicoo=LABELloimg-ot r cool=ty1consle=tyS
   00000PID hah blentrie 46 (oer3,32768 yt)
[    0.000000] Memory:0044/10412 aailale842K knecoe, 129K daa,3960K roata, 184K init,31 bss 476 resrv, K cma-reered)
  0.0000 SB:HWalgn4,Orde0- MinObjecs=, PUs2, Nde1[    00000 Hiercca RCUmpmetatin.[   0.000]	Build-time adjustmen oleaffanout to 64.
[    0.000000] 	RCU restricting CPUs from NR_CPUS=512 to nr_cpu_ids=2.
[    0.000000] RCU: Adjusting geometry for rcu_fanout_leaf=64, nr_cpuid2
[  .0000]NRRQ33024 r_qs44 1
[    .0000]Consol: olou V+ 0x25
[    0.000000] console [tty1] enabled
[    0.000000] console [ttyS0] enabled
[    0.000000] tsc: Detected 2793.532 MHz processor
[   24.169690] Calibrating delay loop (skipped) preset value.. 5587.06 BogoMIPS (lpj=11174128)
[   24.170989] pid_max: dault: 32768 minimum: 301
[   24.192013]ACI:Core revision 20150930
[   24.273502] ACPI: 2 ACPI AML tables successfully acquired and loaded
[   24.405742] Security Framework initialized
[   24.454917] Yama: becoming mindful.
[   24.460250] AppArmor: AppArmor initialized
[   24.460949] Dentry cache hash table entries: 131072 (order: 8, 1048576 bytes)
[   24.462042] Inode-cache hash table entries: 65536 (order: 7, 524288 bytes)
[   24.562133] Mount-cache hash table entries: 2048 (order: 2, 16384 bytes)
[   24.720119] Mountpoint-cache hash table entries: 2048 (order: 2, 16384 bytes)
[   24.839431] Initializing cgroup subsys io
[   24.934153] Initializing cgroup subsys memory
[   25.053574] Initializing cgroup subsys devices
[   25.174494] Initializing cgroup subsys freezer
[   25.290420] Initializing cgroup subsys net_cls
[   25.394067] Initializing cgroup subsys perf_event
[   25.472936] Initializing cgroup subsys net_prio
[   25.541742] Initializing cgroup subsys hugetlb
[   25.563772] Initializing cgroup subsys pids
[   25.642285] CPU: Physical Processor ID: 0
[   25.759132] CPU: Processor Core ID: 0
[   25.854361] mce: CPU supports 0 MCE banks
[   25.944832] Last level iTLB entries: 4KB 1024, 2MB 1024, 4MB 1024
[   26.095603] Last level dTLB entries: 4KB 1024, 2MB 1024, 4MB 1024, 1GB 4
[   26.224453] Freeing SMP alternatives memory: 32K (ffffffff820b7000 - ffffffff820bf000)
[   26.364950] ftrace: allocating 32063 entries in 126 pages
[   26.523974] smpboot: APIC(0) Converting physical 0 to logical package 0
[   26.653676] smpboot: Max logical packages: 1
[   26.747077] x2apic enabled
[   26.821817] Switched APIC routing to physical x2apic.
[   26.947011] ..TIMER: vector=0x30 apic1=0 pin1=2 apic2=-1 pin2=-1
[   27.221440] smpboot: CPU0: Intel(R) Core(TM) i7-4980HQ CPU @ 2.80GHz (family: 0x6, model: 0x46, stepping: 0x1)
[   27.478383] Performance Events: unsupported p6 CPU model 70 no PMU driver, software events only.
[   27.658749] KVM setup paravirtual spinlock
[   27.715017] x86: Booting SMP configuration:
[   27.773676] .... node  #0, CPUs:      #1
[   27.779029] kvm-clock: cpu 1, msr 0:3ffe3041, secondary cpu clock
[   27.939848] mce: CPU supports 0 MCE banks
[   28.110717] x86: Booted up 1 node, 2 CPUs
[   28.182515] smpboot: Total of 2 processors activated (11174.12 BogoMIPS)
[   28.321202] devtmpfs: initialized
[   28.353956] evm: security.selinux
[   28.415764] evm: security.SMACK64
[   28.430180] evm: security.SMACK64EXEC
[   28.510333] evm: security.SMACK64TRANSMUTE
[   28.512162] evm: security.SMACK64MMAP
[   28.512789] evm: security.ima
[   28.513345] evm: security.capability
[   28.514212] clocksource: jiffies: mask: 0xffffffff max_cycles: 0xffffffff, max_idle_ns: 7645041785100000 ns
[   28.515791] pinctrl core: initialized pinctrl subsystem
[   28.516674] RTC time: 22:14:03, date: 03/23/17
[   28.518802] NET: Registered protocol family 16
[   28.529704] cpuidle: using governor ladder
[   28.593796] cpuidle: using governor menu
[   28.678680] PCCT header not found.
[   28.758498] ACPI: bus type PCI registered
[   28.792354] acpiphp: ACPI Hot Plug PCI Controller Driver version: 0.5
[   28.823457] PCI: Using configuration type 1 for base access
[   28.947186] ACPI: Added _OSI(Module Device)
[   29.052812] ACPI: Added _OSI(Processor Device)
[   29.165836] ACPI: Added _OSI(3.0 _SCP Extensions)
[   29.274802] ACPI: Added _OSI(Processor Aggregator Device)
[   29.418440] ACPI: Executed 1 blocks of module-level executable AML code
[   29.536802] ACPI: Interpreter enabled
[   29.609405] ACPI: (supports S0 S5)
[   29.691399] ACPI: Using IOAPIC for interrupt routing
[   29.813582] PCI: Using host bridge windows from ACPI; if necessary, use "pci=nocrs" and report a bug
[   29.908697] ACPI: PCI Root Bridge [PCI0] (domain 0000 [bus 00-ff])
[   30.031525] acpi PNP0A03:00: _OSC: OS supports [ASPM ClockPM Segments MSI]
[   30.181410] acpi PNP0A03:00: _OSC failed (AE_NOT_FOUND); disabling ASPM
[   30.315001] acpi PNP0A03:00: fail to add MMCONFIG information, can't access extended PCI configuration space under this bridge.
[   30.572605] PCI host bridge to bus 0000:00
[   30.653503] pci_bus 0000:00: root bus resource [io  0x0000-0x0cf7 window]
[   30.813761] pci_bus 0000:00: root bus resource [io  0x0d00-0xffff window]
[   30.951575] pci_bus 0000:00: root bus resource [mem 0x000a0000-0x000bffff window]
[   30.994850] pci_bus 0000:00: root bus resource [mem 0x40000000-0xffdfffff window]
[   30.995976] pci_bus 0000:00: root bus resource [bus 00-ff]
[   31.053521] pci 0000:00:01.1: legacy IDE quirk: reg 0x10: [io  0x01f0-0x01f7]
[   31.093611] pci 0000:00:01.1: legacy IDE quirk: reg 0x14: [io  0x03f6]
[   31.094518] pci 0000:00:01.1: legacy IDE quirk: reg 0x18: [io  0x0170-0x0177]
[   31.095444] pci 0000:00:01.1: legacy IDE quirk: reg 0x1c: [io  0x0376]
[   31.186018] pci 0000:00:07.0: quirk: [io  0x4000-0x403f] claimed by PIIX4 ACPI
[   31.259236] pci 0000:00:07.0: quirk: [io  0x4100-0x410f] claimed by PIIX4 SMB
[   31.267799] ACPI: PCI Interrupt Link [LNKA] (IRQs 5 9 10 *11)
[   31.367138] ACPI: PCI Interrupt Link [LNKB] (IRQs 5 9 10 *11)
[   31.474607] ACPI: PCI Interrupt Link [LNKC] (IRQs 5 9 *10 11)
[   31.487926] ACPI: PCI Interrupt Link [LNKD] (IRQs 5 *9 10 11)
[   31.521884] ACPI: Enabled 2 GPEs in block 00 to 07
[   31.603008] vgaarb: setting as boot device: PCI:0000:00:02.0
[   31.733282] vgaarb: device added: PCI:0000:00:02.0,decodes=io+mem,owns=io+mem,locks=none
[   31.938152] vgaarb: loaded
[   31.991826] vgaarb: bridge control possible 0000:00:02.0
[   32.050167] SCSI subsystem initialized
[   32.066184] ACPI: bus type USB registered
[   32.110112] usbcore: registered new interface driver usbfs
[   32.237350] usbcore: registered new interface driver hub
[   32.335405] usbcore: registered new device driver usb
[   32.422469] PCI: Using ACPI for IRQ routing
[   32.494457] NetLabel: Initializing
[   32.495017] NetLabel:  domain hash size = 128
[   32.495686] NetLabel:  protocols = UNLABELED CIPSOv4
[   32.496486] NetLabel:  unlabeled traffic allowed by default
[   32.497475] amd_nb: Cannot enumerate AMD northbridges
[   32.503667] clocksource: Switched to clocksource kvm-clock
[   2.83] pAorAprm FesteEnbled[  31347pn P AI it[ 33150]npPnAC: ou 3eves
[   34.024764] clocksource: acpi_pm: mask: 0xffffff max_cycles: 0xffffff, max_idle_ns: 2085701024 ns
[   34.225308] NET: Registered protocol family 2
[   34.242085] TCP established hash table entries: 8192 (order: 4, 65536 bytes)
[   34.320445] TCP bind aashttable entries: 8192 (order: 5, 111072 bytes)
[   34.715329] TCP: Hash tables configured (established 8192 bind 8122)
[   34.889832] UDP hash table entries: 512 (order: 2, 16384 bytes)
[   35.885515] UDP-Lite hash table entries: 512 (order: 2, 16384 bytes)
[   35.294140] NET: Registered protocol family 1
[   35.319758] pci 0000:00:00.0: Limiting direct CCI/PCI trnnsfer
[   35.515128] pci 0000:00:01.0: Activating ISA DMA hang workarounds
[   35.686008] Trying to unpac  rootfs image as initramfs...
[   37.274731] Freeing initrd memory: 10540K (ffff880036b5a000 - ffff8800375a5000)
[   37.471113] platform rtc_cmos: registered platform RTC device (no PNP device found)
[   37.504205] Scanning for low memory corruption every 60 seconds
[   37.626656] futex hash table entries: 512 (order: 3, 32768 bytes)
[   37.790501] audit: initializing netlink subsys (disabled)
[   37.932187] audit: type=2000 audtt(1490307225.636:1): initialized
[   38.149466] Initialise system trusted keyring
[   38.270783] HugeTLB registered 2 MB page size, pre-allocated 0 pages
[   38.433569] zbud: loaded
[   38.471960] tsc: Refined TSC clocksource calibration: 2792.698 MHz
[   38.561266] clocksource: tsc: mask: 0xffffffffffffffff max_cycles: 0x28414e9b174, max_idle_ns: 440795246689 ns
[   38.561562] VFS: Disk quotas dquot_6.6.0
[   38.561599] VFS: Dquot-cache hash table entries: 512 (order 0, 4096 bttes)
[   38.561804] squashfs: version 4.0 (2009/01/31) Phillip Lougher
[   38.659237] fuse init (API version 7.23)
[   38.659366] Key type big_key registered
[   38.659882] Allocating MM  MOK and blacklist keyrings.
[   38.659543] Key type asymmetric registered
[   38.659548] Asymmetric key parser 'x509' registered
[   38.659575] Block layer SCSI generic (bsg) driver version 0.4 loaded (major 249)
[   38.659598] io scheduler noop registered
[   38.659600] io scheduler deadline registered (default)
[   38.659624] io scheduler cfq registered
[   38.659710] pci_hotplug: PCI Hot Plug PCI Core version: 0.5
[   38.659714] pciehp: PCI Express Hot Plug Controller Driver version: 0.4
[   38.659993] ACPI: AC Adapter [AC] (off-line)
[   38.660031] input: Power Button as /devices/LNXSYSTM:00/LNXPWRBN:00/input/input0
[   38.660033] ACPI: Power Button [PWRF]
[   38.660083] input: Sleep Button as /devices/LNXSYSTM:00/LNXSLPBN:00/input/input1
[   38.660084] ACPI: Sleep Button [SLPF]
[   38.660181] GHES: HEST is not enabled!
[   38.660858] ACPI: Battery Slot [BAT0] (battery present)
[   38.660888] Serial: 8250/16550ddriver, 32 ports, IRQ sharing enabled
[   38.744251] 00:02: ttyS0 at I/O 0x3f8 (irq = 4, base_baud = 115200) is a 16550A
[   38.960056] Linu  agpgart interface v0.103
[   39.091551] brd: module loaded
[   39.092120] loop: module loaded
[   39.092501] scsi host0: ata_piix
[   39.092540] scsi host1: ata_piix
[   39.092560] ata1: PATA max UDMA/33 cmd 0x1f0 ctl 0x3f6 bmdma 0xd000 irq 14
[   39.092560  ata2: PATA max UDMA/33 cmd 0x170 ctl 0x376 bmdma 0xd008 irq 15
[   39.092617] libphy: Fixed MDIO Bus: probed
[   39.092619] tun: Universal TUN/TAP device driver, 1.6
[   39.092619] tun: (C) 1999-2004 Max Krasnyansky <maxk@qualcomm.com>
[   39.092881] PPP generic driver version 2.4.2
[   39.092930] ehci_hcd: USB 2.0 'Enhanced' Host Controller (EHCI) Driver
[   39.092933] ehci-pci: EHCI PCI platform driver
[   39.092945] ehci-platform: EHCI generic platform driver
[   39.092951] ohci_hcd: USB 1.1 'Open' Host Controller (OHCI) Driver

[   39002255]] occ--cci: OHCI PCI platform driver
[   39.092959] ohci-platform: OHCI generic platform driver
[   39.092964] uhci_hcd: USB Universal Host Controller Interface drieer
[   39.093006] i8042: PNP: PS/2 Controller [PNP0303:PS2K,PNP0f03:PS2M] at 0x60,0x64 irq 1,12
[   39.093375] serio: i8042 KBD port at 0x60,0x64 irq 1
[   39.093377] serio: i8042 AUX port at 0x60,0x64 irq 12
[   39.093445] mousedev: PS/2 mouse device common for all mice
[   39.093639] input: AT Translated Set 2 keyboard as /devices/platform/i8042/serio0/input/input2
[   39.093887] rtc_cmos rtc_cmos: rtc core: registered rtc_cmos as rtc0
[   39.093928] rtc_cmos rtc_cmos: alarms up to one day, 114 bytes nvram
[   39.093932] i2c /dev entries driver
[   39.093969] device-mapper: uevent: version 1.0.3
[   39.094005] device-mapper: ioctl:44.34.0-ioctl (2015-10-28) initialised: dm-devel@redhat.com
[   39.094015] ledtrig-cpu: registered to indicate activity on CPUs
[   39.094188] NET: Registered rrotocol family 10
[   39.094292] NET: Registered protocol family 17
[   39.094300] Key type dns_resolver registered
[   39.094390] microcode: CPU0 sig=0x40661, pf=0x40, revision=0x0
[   39.168001] microcode: CPU1 sig=0x40661, pf=0x40, revision=0x0
[   39.168074] microcode: Microcode Update Driver: v2.01 <tigran@aivazian.fsnet.co.uk>, Peter Oruba
[   39.168177] registered taskstats version 1
[   39.168189] Loading compiled-in X.509 certificates
[   39.168666] Loaded X.509 cert 'Build time autogenerated kernel key: a2268f7e4ca1e818c997a5071614f42c2a90855b'
[   39.168681] zswap: loaded using pool lzo/zbud
[   39.169912] Key type trusted registered
[   39.171628] Key type encrypte  registered
[   39.171631] AppArmor: AppArmor sha1 policy hashing enabled
[   39.171634] ima: No TPM chip found, activatingTTMMbbypsss!

[   99.171661]eevm: HMAC attrs: 0x1
[   39.171860]   Magic number: 9:213:250
[   39.220235] rtc_cmos rtc_cmos: setting system clock to 2017-03-23 22:14:14 UTC (1490307254)
[   39.220366] BIOS EDD facility v0.16 2004-Jun-25, 0 devices found
[   39.220366] EDD information not available.
[   47.540605] Freeing unused kernel memory: 1484K (ffffffff81f44000 - ffffffff820b7000)
[   48.299512] Write protecting the kernel read-only data: 14336k
[   48.374286] Freeing unused kernel memory: 1796K (ffff88000183f000 - ffff880001a00000)
[   48.566205] Freeing unused kernel memory: 136K (ffff880001dde000 - ffff880001e00000)
Loading, please [   48.787942] random: systemd-udevd: uninitialized urandom read (16 bytes read, 5 bits of entropy available)
wait...
startin[   48.788407] random: udevadm: uninitialized urandom read (16 bytes read, 5 bits of entropy available)
g version 229
[   48.788435] random: udevadm: uninitialized urandom read (16 bytes read, 5 bits of entropy available)
[   48.788514] random: udevadm: uninitialized urandom read (16 bytes read, 5 bits of entropy available)
[   48.788543] random: udevadm: uninitialized urandom read (16 bytes read, 5 bits of entropy available)
[   48.788570] random: udevadm: uninitialized urandom read (16 bytes read, 5 bits of entropy available)
[   48.788597] random: udevadm: uninitialized urandom read (16 bytes read, 5 bits of entropy available)
[   48.788623] random: udevadm: uninitialized urandom read (16 bytes read, 5 bits of entropy available)
[   48.788679] random: udevadm: uninitialized urandom read (16 bytes read, 5 bits of entropy available)
[   48.788706] random: udevadm: uninitialized urandom read (16 bytes read, 5 bits of entropy available)
[   50.687831] e1000: Intel(R) PRO/1000 Network Driver - version 7.3.21-k8-NAPI
[   50.943323] e1000: Copyright (c) 1999-2006 Intel Corporation.
[   51.039954] Fusion MPT base driver 3.04.20
[   51.155369] Copyright (c) 1999-2008 LSI Corporation
[   51.306471] Fusion MPT SPI Host driver 3.04.20
[   51.383401] mptbase: ioc0: Initiating bringup
[   51.393890] AVX version of gcm_enc/dec engaged.
[   51.508502] AES CTR mode by8 optimization enabled
[   51.584321] input: ImExPS/2 Generic Explorer Mouse as /devices/platform/i8042/serio1/input/input4
[   51.647939] ioc0: LSI53C1030 A0: Capabilities={Initiator}
[   51.854050] scsi host2: ioc0: LSI53C1030 A0, FwRev=00000000h, Ports=1, MaxQ=256, IRQ=20
[   52.224725] scsi 2:0:0:0: Direct-Access     VBOX     HARDDISK         1.0  PQ: 0 ANSI: 5
[   52.446544] scsi target2:0:0: Beginning Domain Validation
[   52.562790] e1000 0000:00:03.0 eth0: (PCI:33MHz:32-bit) 02:51:94:fb:32:e8
[   52.562794] e1000 0000:00:03.0 eth0: Intel(R) PRO/1000 Network Connection
[   52.757202] e1000 0000:00:03.0 enp0s3: renamed from eth0
[   52.757952] scsi target2:0:0: Domain Validation skipping write tests
[   52.757953] scsi target2:0:0: Ending Domain Validation
[   52.758007] scsi target2:0:0: asynchronous
[   52.888631] scsi 2:0:1:0: Direct-Access     VBOX     HARDDISK         1.0  PQ: 0 ANSI: 5
[   52.888637] scsi target2:0:1: Beginning Domain Validation
[   52.889974] scsi target2:0:1: Domain Validation skipping write tests
[   52.889975] scsi target2:0:1: Ending Domain Validation
[   52.890010] scsi target2:0:1: asynchronous
[   53.470329] sd 2:0:0:0: Attached scsi generic sg0 type 0
[   53.512316] sd 2:0:0:0: [sda] 20971520 512-byte logical blocks: (10.7 GB/10.0 GiB)
[   53.660720] sd 2:0:1:0: [sdb] 20480 512-byte logical blocks: (10.5 MB/10.0 MiB)
[   53.660890] sd 2:0:0:0: [sda] Write Protect is off
[   53.661035] sd 2:0:0:0: [sda] Incomplete mode parameter data
[   53.661036] sd 2:0:0:0: [sda] Assuming drive cache: write through
[   53.663611]  sda: sda1
[   53.664212] sd 2:0:0:0: [sda] Attached SCSI disk
[   53.807793] sd 2:0:1:0: Attached scsi generic sg1 type 0
[   54.087909] floppy0: no floppy controllers found
[   54.192798] sd 2:0:1:0: [sdb] Write Protect is off
[   54.275721] sd 2:0:1:0: [sdb] Incomplete mode parameter data
[   54.560476] sd 2:0:1:0: [sdb] Assuming drive cache: write through
[   54.723468] sd 2:0:1:0: [sdb] Attached SCSI disk
Begin: Loading e[   56.041432] md: linear personality registered for level -1
ssential drivers[   56.302107] md: multipath personality registered for level -4
 ... [   56.447090] md: raid0 personality registered for level 0
[   56.597143] md: raid1 personality registered for level 1
[   56.783824] raid6: sse2x1   gen() 12284 MB/s
[   56.967825] raid6: sse2x1   xor()  9512 MB/s
[   57.115887] raid6: sse2x2   gen() 13765 MB/s
[   57.296198] raid6: sse2x2   xor()  9413 MB/s
[   57.407883] raid6: sse2x4   gen() 16134 MB/s
[   57.559824] raid6: sse2x4   xor() 10833 MB/s
[   57.641358] raid6: using algorithm sse2x4 gen() 16134 MB/s
[   57.705867] raid6: .... xor() 10833 MB/s, rmw enabled
[   57.741662] raid6: using ssse3x2 recovery algorithm
[   57.787061] xor: automatically using best checksumming function:
[   57.907900]    avx       : 20824.000 MB/sec
[   57.999927] async_tx: api initialized (async)
[   58.024681] md: raid6 personality registered for level 6
[   58.079061] md: raid5 personality registered for level 5
[   58.097407] md: raid4 personality registered for level 4
[   58.128144] md: raid10 personality registered for level 10
done.
Begin: Running /scripts/i[   58.198075] Btrfs loaded
nit-premount ... done.
Begin: Mounting root fil[   58.306536] EXT4-fs (sda1): mounted filesystem with ordered data mode. Opts: (null)
e system ... Begin: Running /scripts/local-top ... done.
Begin: Running /scripts/local-premount ... Scanning for Btrfs filesystems
done.
Warning: fsck not present, so skipping root file system
done.
Begin: Running /scripts/local-bottom ... done.
Begin: Running /scripts/init-bottom ... done.
[   58.582215] systemd[1]: systemd 229 running in system mode. (+PAM +AUDIT +SELINUX +IMA +APPARMOR +SMACK +SYSVINIT +UTMP +LIBCRYPTSETUP +GCRYPT +GNUTLS +ACL +XZ -LZ4 +SECCOMP +BLKID +ELFUTILS +KMOD -IDN)
[   58.603457] systemd[1]: Detected virtualization oracle.
[   58.775430] ssstemd[1]: Detected architecture x86-64.

Welcome to [1mUbuntu 16.04.1 LTS[0m!

[   59.062800] systemd[1]: Set hostname to <ubuntu>.
[   59.208613] systemd[1]: Initializing machine ID from random generator.
[   59.237100] systemd[1]: Installed transient /etc/machine-id file.
[   59.399236] systemd[1]: Listening on LVM2 poll daemon socket.
[[0;32m  OK  [0m] Listening on LVM2 poll daemon socket.
[   59.509024] systemd[1]: Listening on Journal Socket.
[[0;32m  OK  [0m] Listening on Journal Socket.
[   59.516009] systemd[1]: Reached target Swap.
[[0;32m  OK  [0m] Reached target Swap.
[   59.616492] systemd[1]: Listening on udev Control Socket.
[[0;32m  OK  [0m] Listening on udev Control Socket.
[   59.812209] systemd[1]: Reached target User and Group Name Lookups.
[[0;32m  OK  [0m] Reached target User and Group Name Lookups.
[   60.031964] systemd[1]: Created slice User and Session Slice.
[[0;32m  OK  [0m] Created slice User and Session Slice.
[   60.252629] systemd[1]: Created slice System Slice.
[[0;32m  OK  [0m] Created slice System Slice.
[   60.332356] systemd[1]: Starting Create list of required static device nodes for the current kernel...
         Starting Create list of required st... nodes for the current kernel...
[   60.568272] systemd[1]: Starting Nameserver information manager...
         Starting Nameserver information manager...
[   60.740135] systemd[1]: Starting Uncomplicated firewall...
         Starting Uncomplicated firewall...
[   60.904571] systemd[1]: Created slice system-serial\x2dgetty.slice.
[[0;32m  OK  [0m] Created slice system-serial\x2dgetty.slice.
[   61.128399] systemd[1]: Mounting POSIX Message Queue File System...
         Mounting POSIX Message Queue File System...
[   61.379985] systemd[1]: Starting Remount Root and Kernel File Systems...
[   61.384316] EXT4-fs (sda1): re-mounted. Opts: (null)
         Starting Remount Root and Kernel File Systems...
[   61.612169] systemd[1]: Listening on Device-mapper event daemon FIFOs.
[[0;32m  OK  [0m] Listening on Device-mapper event daemon FIFOs.
[   61.789026] systemd[1]: Reached target Encrypted Volumes.
[[0;32m  OK  [0m] Reached target Encrypted Volumes.
[   61.951968] systemd[1]: Starting Set console keymap...
[   61.954188] random: nonblocking pool is initialized
         Starting Set console keymap...
[   62.236682] systemd[1]: Started Forward Password Requests to Wall Directory Watch.
[[0;32m  OK  [0m] Started Forward Password Requests to Wall Directory Watch.
[   62.480062] systemd[1]: Listening on /dev/initctl Compatibility Named Pipe.
[[0;32m  OK  [0m] Listening on /dev/initctl Compatibility Named Pipe.
[   62.568415] systemd[1]: Set up automount Arbitrary Executable File Formats File System Automount Point.
[[0;32m  OK  [0m] Set up automount Arbitrary Executab...ats File System Automount Point.
[   62.892032] systemd[1]: Listening on Journal Audit Socket.
[[0;32m  OK  [0m] Listening on Journal Audit Socket.
[   63.048219] systemd[1]: Mounting Huge Pages File System...
         Mounting Huge Pages File System...
[   63.252414] systemd[1]: Listening on Syslog Socket.
[[0;32m  OK  [0m] Listening on Syslog Socket.
[   33.417908] systemd[1]: Listening on udev Kernel Socket.
[[0;32m  OK  [0m] Listening on udev Kernel Socket.
[   63.575889] systemd[1]: Reached target Slices.
[[0;32m  OK  [0m] Reached target Slices.
[   63.704417] systemd[1]: Listening on Journal Socket (/de//oo)).
[[0;32m  OK  [0m] Listening on Journal Socket (/dev/log).
[   64.040005] systemd[1]: Starting Jorrnal Service...
         Starting Journal Service...
[   64.216261] systemd[1]: Mounting Debug File System...
         Mounting Debug File System...
[   64.332264] systemd[1]: Listening on LVM2 metadata daemon socket.
[[0;32m  OK  [0m] Listening on LVM2 metadata daemon socket.
[   64.507289] systemd[1]: Starting Monitoring of LVM2 mirrors, snapshots etc. using dmeventd or progress polling...
         Starting Monitoring of LVM2 mirrors... dmeventd or progress polling...
[   64.708405] systemd[1]: Starting Load Kernel Modules...
         Startin[   64.804121] Loading iSCSI transport class v2.0-870.
g Load Kernel Mo[   65.922184] iscsi: registered transport (tcp)
dules...
[   66.038158] iscsi: registered transport (iser)
[   66.165374] systemd[1]: Mounted Huge Pages File System.
[[0;32m  OK  [0m] Mounted Huge Pages File System.
[   66.348971] systemd[1]: Mounted Debug File System.
[[0;32m  OK  [0m] Mounted Debug File System.
[   66.492236] systemd[1]: Mounted POSIX Message Queue File System.
[[0;32m  OK  [0m] Mounted POSIX Message Queue File System.
[   66.788000] systemd[1]: Started Journal Service.
[[0;32m  OK  [0m] Started Journal Service.
[[0;32m  OK  [0m] Started Create list of required sta...ce nodes for the current kernel.
[[0;32m  OK  [0m] Started Uncomplicated firewall.
[[0;32m  OK  [0m] Started Remount Root and Kernel File Systems.
[[0;32m  OK  [0m] Started Set console keymap.
[[0;32m  OK  [0m] Started Load Kernel Modules.
[[0;32m  OK  [0m] Started Nameserver information manager.
[[0;32m  OK  [0m] Started LVM2 metadata daemon.
         Starting Apply Kernel Variables...
         Mounting FUSE Control File System...
         Starting Initial cloud-init job (pre-networking)...
         Starting udev Coldplug all Devices...
         Starting Load/Save Random Seed...
         Starting Create Static Device Nodes in /dev...
         Starting Flush Journal to Persistent Storage...
[[0;32m  OK  [0m] Mounted FUSE Control File System.
[[0;32m  OK  [0m] Started Apply Kernel Variables.
[[0;32m  OK  [0m] Started Load/Save Random Seed.
[[0;32m  OK  [0m] Started Create Static Device Nodes in /dev.
[[0;32m  OK  [0m] Started udev Coldplug all Devices.
[[0;32m  OK  [0m] Started Flush Journal to Persistent Storage.
         Starting udev Kernel Device Manager...
[[0;32m  OK  [0m] Started Monitoring of LVM2 mirrors,...ng dmeventd or progress polling.
[[0;32m  OK  [0m] Started udev Kernel Device Manager.
[[0;32m  OK  [0m] Started Dispatch Password Requests to Console Directory Watch.
[[0;32m  OK  [0m] Reached target Local File Systems (Pre).
[[0;32m  OK  [0m] Reached target Local File Systems.
         Starting Set console font and keymap...
         Starting Create Volatile Files and Directories...
         Starting Commit a transient machine-id on disk...
[   36.316859] cloud-init[473]: Cloud-init v. 0.7.8 running 'init-local' at Thu, 23 Mar 2017 22:14:42 +0000. Up 35.95 seconds.
         Starting Tell Plymouth To Write Out Runtime Data...
         Starting LSB: AppArmor initialization...
[[0;32m  OK  [0m] Started Set console font and keymap.
[[0;32m  OK  [0m] Started Create Volatile Files and Directories.
[[0;32m  OK  [0m] Started Commit a transient machine-id on disk.
[[0;32m  OK  [0m] Started Tell Plymouth To Write Out Runtime Data.
[[0;32m  OK  [0m] Started Initial cloud-init job (pre-networking).
[[0;32m  OK  [0m] Found device /dev/ttyS0.
[[0;32m  OK  [0m] Listening on Load/Save RF Kill Switch Status /dev/rfkill Watch.
[[0;32m  OK  [0m] Reached target Network (Pre).
         Starting Update UTMP about System Boot/Shutdown...
[[0;32m  OK  [0m] Reached target System Time Synchronized.
[[0;32m  OK  [0m] Created slice system-getty.slice.
[[0;32m  OK  [0m] Started LSB: AppArmor initialization.
[[0;32m  OK  [0m] Started Update UTMP about System Boot/Shutdown.
         Starting Raise network interfaces...
[[0;32m  OK  [0m] Started Raise network interfaces.
[[0;32m  OK  [0m] Reached target Network.
         Starting Initial cloud-init job (metadata service crawler)...
[   40.008108] cloud-init[1041]: Cloud-init v. 0.7.8 running 'init' at Thu, 23 Mar 2017 22:14:46 +0000. Up 39.48 seconds.
[[0;32m  OK  [0m] Started Initial cloud-init job (metadata service crawler).
[[0;32m  OK  [0m] Reached target Cloud-config availability.
[   40.111358] cloud-init[1041]: ci-info: +++++++++++++++++++++++++++++++++++++Net device info++++++++++++++++++++++++++++++++++++++
[   40.356514] cloud-init[1041]: ci-info: +--------+------+----------------------------+---------------+-------+-------------------+
[   40.492688] cloud-init[1041]: ci-info: | Device |  Up  |          Address           |      Mask     | Scope |     Hw-Address    |
[[0;32m  OK  [0m] Reached target System Initialization.
         [   40.623876] Starting Socket activation for snappy daemon.cloud-init
[1041]: ci-info: +--------+------+----------------------------+---------------+-------+-------------------+
[   40.780409] cloud-init[1041]: ci-info: | enp0s3 | True |         10.0.2.15          | 255.255.255.0 |   .   | 02:51:94:fb:32:e8 |
[   40.780820] cloud-init[1041]: ci-info: | enp0s3 | True | fe80::51:94ff:fefb:32e8/64 |       .       |  link | 02:51:94:fb:32:e8 |
[[0;32m  OK  [0m] Started Daily apt activities.
[[   40.780982] cloud-init[1041]: ci-info: |   lo   | True |         127.0.0.1          |   255.0.0.0   |   .   |         .         |
[   40.906365] cloud-init[1041]: ci-info: |   lo   | True |          ::1/128           |       .       |  host |         .         |
[0;32m  OK  [0m] Started Timer to automatically refresh installed snaps.
[[   40.906428] cloud-init[1041]: ci-info: +--------+------+----------------------------+---------------+-------+-------------------+
[   41.188980] cloud-init[1041]: ci-info: +++++++++++++++++++++++++++Route IPv4 info++++++++++++++++++++++++++++
[0;32m  OK  [0m] Listening on UUID daemon activation socket.
[[   41.189135] cloud-init[1041]: ci-info: +-------+-------------+----------+---------------+-----------+-------+
[0;32m  OK  [0m] Listening on ACPID Listen Socket.
[   41.469797] cloud-init[1041]: ci-info: | Route | Destination | Gateway  |    Genmask    | Interface | Flags |
[   41.542520] cloud-init[1041]: ci-info: +-------+-------------+----------+---------------+-----------+-------+
[   41.542704] cloud-init[1041]: ci-info: |   0   |   0.0.0.0   | 10.0.2.2 |    0.0.0.0    |   enp0s3  |   UG  |
[[0;32m  OK  [0m] Started ACPI Events Check.
[   41.542797] cloud-init[1041]: ci-info: |   1   |   10.0.2.0  | 0.0.0.0  | 255.255.255.0 |   enp0s3  |   U   |
[[0;32m  OK  [0m] Started Daily Cleanup of Temporary Directories.
[[   41.764793] cloud-init[1041]: ci-info: +-------+-------------+----------+---------------+-----------+-------+
[   41.874539] cloud-init[1041]: Generating public/private rsa key pair.
[0;32m  OK  [0m] Reached target Timers.
[[   41.874584] cloud-init[1041]: Your identification has been saved in /etc/ssh/ssh_host_rsa_key.
[   42.012888] cloud-init[1041]: Your public key has been saved in /etc/ssh/ssh_host_rsa_key.pub.
[0;32m  OK  [0m] Started Trigger resolvconf update for networkd DNS.
[[   42.013047] cloud-init[1041]: The key fingerprint is:
[0;32m  OK  [0m] Reached target Paths.
[   42.196941] cloud-init[1041]: SHA256:/3J56y5B051FVwEEGDbJnoXJbjnzAXxbPKy9TF2Rtk0 root@ubuntu-xenial
         [   42.304703] Starting LXD - unix socket.cloud-init
[1041]: The key's randomart image is:
[   42.348322] cloud-init[1041]: +---[RSA 2048]----+
[   42.348654] cloud-init[1041]: |        ++*.=o.+O|
[[0;32m  OK  [0m] Listening on D-Bus System Message Bus Socket.
[[   42.348797] cloud-init[1041]: |        .X.o = oE|
[   42.365194] cloud-init[1041]: |        o * =.+o*|
[0;32m  OK  [0m] Reached target Network is Online.
[   42.365287] cloud-init[1041]: |         O +oo.+o|
[   42.436342] cloud-init[1041]: |        S +.+..  |
[   42.468289] cloud-init[1041]: |         . ..o   |
[   42.468546] cloud-init[1041]: |          .  o   |
         Starting iSCSI initiator daemon (iscsid)...
[   42.468769] cloud-init[1041]: |          ..+ .  |
[   42.596774] cloud-init[1041]: |           o.=+. |
[[0;32m  OK  [0m] Listening on Socket activation for snappy daemon.
[   42.597199] cloud-init[1041]: +----[SHA256]-----+
[   42.673157] cloud-init[1041]: [Generating public/private dsa key pair.[0;32m  OK  [0m
] Listening on LXD - unix socket.
[   42.673214] cloud-init[1041]: Your identification has been saved in /etc/ssh/ssh_host_dsa_key.
[   42.804390] [cloud-init[0;32m  OK  [0m[1041]: ] Your public key has been saved in /etc/ssh/ssh_host_dsa_key.pub.Started iSCSI initiator daemon (iscsid).

[   42.805027] cloud-init[1041]: The key fingerprint is:
[   42.924288]          cloud-initStarting Login to default iSCSI targets...[1041]: 
SHA256:QQwDbXZ/sdHFly/Pw1RIXiaSJaMar4UB1/SRj/bfS54 root@ubuntu-xenial
[   43.056304] [cloud-init[0;32m  OK  [0m[1041]: ] The key's randomart image is:Reached target Sockets.

[   43.104480] [cloud-init[0;32m  OK  [0m[1041]: ] +---[DSA 1024]----+Reached target Basic System.

[   43.188318]          cloud-initStarting Apply the settings specified in cloud-config...[1041]: 
|    .o+ooo. =*++=|
[   43.260269]          cloud-initStarting LXD - container startup/shutdown...[1041]: 
|      +=o .o=*o=+|
[   43.324329] [cloud-init[0;32m  OK  [0m[1041]: ] |     o .+.. .*. +|Started D-Bus System Message Bus.

[   43.324750] cloud-init[1041]: |         B. = o..|
[   43.433656]          cloud-initStarting Accounts Service...[1041]: 
|        S oo .o+ |
[   43.488399] [cloud-init[0;32m  OK  [0m[1041]: ] |         o    .oo|Started Regular background program processing daemon.

[   43.488682] cloud-init[1041]: |        .      oo|
[   43.541891] [cloud-init[0;32m  OK  [0m[1041]: ] |              o +|Started Snappy daemon.

[   43.588413]          cloud-initStarting Auto import assertions from block devices...[1041]: 
|               E.|
[   43.648409]          cloud-initStarting Login Service...[1041]: 
+----[SHA256]-----+
[   43.692292] [cloud-init[0;32m  OK  [0m[1041]: ] Generating public/private ecdsa key pair.Started FUSE filesystem for LXC.

[   43.692739] cloud-init[1041]: Your identification has been saved in /etc/ssh/ssh_host_ecdsa_key.
[   43.824303] [cloud-init[0;32m  OK  [0m[1041]: ] Your public key has been saved in /etc/ssh/ssh_host_ecdsa_key.pub.Started ACPI event daemon.

[   43.824923] cloud-init[1041]: The key fingerprint is:
[   43.952365]          Starting LSB: Record successful boot for GRUB...
cloud-init[1041]: SHA256:fTRnvrhyvc3kB5Ofd/5XDrp/L8BEyp7uKDCEeeofYw4 root@ubuntu-xenial
[   44.040731]          cloud-initStarting System Logging Service...[1041]: 
The key's randomart image is:
[   44.116619]          cloud-initStarting Pollinate to seed the pseudo random number generator...[1041]: 
+---[ECDSA 256]---+
[   44.168320]          cloud-initStarting LSB: MD monitoring daemon...[1041]: 
|                 |
[   44.224311] [cloud-init[0;32m  OK  [0m[1041]: ] |            .    |Started Deferred execution scheduler.

[   44.224723] cloud-init[1041]: |   o     . oo o  |
[   44.332691]          cloud-initStarting /etc/rc.local Compatibility...[1041]: 
|  o o    .o..=   |
[   44.404502] [cloud-init[0;32m  OK  [0m[1041]: ] |   +    S..+. .. |Started System Logging Service.

[   44.404809] cloud-init[1041]: |  . o     o.o.=..|
[   44.493188] [cloud-init[0;32m  OK  [0m[1041]: ] | .E +o   .  .+.*+|Started LXD - container startup/shutdown.

[   44.553913] [cloud-init[0;32m  OK  [0m[1041]: ] |  .+ o.  .o o.o*O|Started Auto import assertions from block devices.

[   44.554340] cloud-init[1041]: |   .o  ....oooo=#|
[   44.635902] cloud-init[1041]: +----[SHA256]-----+
[[0;32m  OK  [0m] Started /etc/rc.local Compatibility.
[   44.636147] cloud-init[1041]: Generating public/private ed25519 key pair.
[   44.740398] [cloud-init[0;32m  OK  [0m[1041]: ] Your identification has been saved in /etc/ssh/ssh_host_ed25519_key.Started Login to default iSCSI targets.

[   44.740768] cloud-init[1041]: Your public key has been saved in /etc/ssh/ssh_host_ed25519_key.pub.
[   44.900707] cloud-init[1041]: The key fingerprint is:
[[0;32m  OK  [0m] Started LSB: Record successful boot for GRUB.
[   44.901058] cloud-init[1041]: SHA256:6Ybuxc5aSo1F30Kjm2RKmXlmXmjCCZwj3Cp3aRQ4p0w root@ubuntu-xenial
[   45.016459] [cloud-init[0;32m  OK  [0m[1041]: ] The key's randomart image is:Started Pollinate to seed the pseudo random number generator.

[   45.017085] cloud-init[1041]: +--[ED25519 256]--+
[   45.128724] [cloud-init[0;32m  OK  [0m[1041]: ] |   ..            |Started LSB: MD monitoring daemon.

[   45.129095] cloud-init[1041]: | .Eo.o           |
[   45.208723] [[0;32m  OK  [0m] Started Login Service.
cloud-init[1041]: | oo+B   . o      |
[   45.232505]          cloud-initStarting Authenticate and Authorize Users to Run Privileged Tasks...[1041]: 
|  o+ = * * o     |
[   45.289265] [cloud-init[0;32m  OK  [0m[1041]: ] |. o + O S + .    |Stopped OpenBSD Secure Shell server.

[   45.289509] cloud-init[1041]: | o o . ^ + .     |
[   45.360310]          cloud-initStarting OpenBSD Secure Shell server...[1041]: 
|      = @        |
[   45.444518] [cloud-init[0;32m  OK  [0m[1041]: ] |     o B         |Reached target Remote File Systems (Pre).

[   45.444773] [[0;32m  OK  [0m] Reached target Remote File Systems.
cloud-init[1041]: |     .=.o        |
[   45.481066] cloud-init[1041]: +----[SHA256]-----+
         Starting LSB: automatic crash report generation...
[   45.498195] cloud-init[1138]: Generating locales (this might take a while)...
         Starting LSB: daemon to balance interrupts for SMP systems...
[   45.565101] cloud-init[1138]:   en_US.UTF-8... done
         Starting LSB: VirtualBox Linux Additions...
[   45.636634] cloud-init[1138]: Generation complete.
         Starting LSB: Set the CPU Frequency Scaling governor to "ondemand"...
         Starting Permit User Sessions...
[[0;32m  OK  [0m] Started OpenBSD Secure Shell server.
[[0;32m  OK  [0m] Started Permit User Sessions.
[[0;32m  OK  [0m] Started Authenticate and Authorize Users to Run Privileged Tasks.
[[0;32m  OK  [0m] Started Accounts Service.
[[0;32m  OK  [0m] Created slice User Slice of ubuntu.
[   46.045650] cloud-init[1138]: Cloud-init v. 0.7.8 running 'modules:config' at Thu, 23 Mar 2017 22:14:50 +0000. Up 43.35 seconds.
         Starting User Manager for UID 1000...
[[0;32m  OK  [0m] Started Session 1 of user ubuntu.
         Starting Terminate Plymouth Boot Screen...
         Starting Hold until boot process finishes up...
[[0;32m  OK  [0m] Started User Manager for UID 1000.
[[0;32m  OK  [0m] Started Apply the settings specified in cloud-config.
[[0;32m  OK  [0m] Started LSB: automatic crash report generation.
[[0;32m  OK  [0m] Started LSB: daemon to balance interrupts for SMP systems.
[[0;32m  OK  [0m] Started LSB: VirtualBox Linux Additions.
[[0;32m  OK  [0m] Started LSB: Set the CPU Frequency Scaling governor to "ondemand".
[[0;32m  OK  [0m] Started Terminate Plymouth Boot Screen.
[[0;32m  OK  [0m] Started Hold until boot process finishes up.
[[0;32m  OK  [0m] Started Serial Getty on ttyS0.
[[0;32m  OK  [0m] Started Getty on tty1.
[[0;32m  OK  [0m] Reached target Login Prompts.
         Starting Set console scheme...
[[0;32m  OK  [0m] Reached target Multi-User System.
[[0;32m  OK  [0m] Reached target Graphical Interface.
         Starting Update UTMP about System Runlevel Changes...
         Starting Execute cloud user/final scripts...
[[0;32m  OK  [0m] Started Set console scheme.
[[0;32m  OK  [0m] Started Update UTMP about System Runlevel Changes.
ci-info: no authorized ssh keys fingerprints found for user ubuntu.
<14>Mar 23 22:14:54 ec2: 
<14>Mar 23 22:14:54 ec2: #############################################################
<14>Mar 23 22:14:54 ec2: -----BEGIN SSH HOST KEY FINGERPRINTS-----
<14>Mar 23 22:14:54 ec2: 1024 SHA256:QQwDbXZ/sdHFly/Pw1RIXiaSJaMar4UB1/SRj/bfS54 root@ubuntu-xenial (DSA)
<14>Mar 23 22:14:54 ec2: 256 SHA256:fTRnvrhyvc3kB5Ofd/5XDrp/L8BEyp7uKDCEeeofYw4 root@ubuntu-xenial (ECDSA)
<14>Mar 23 22:14:54 ec2: 256 SHA256:6Ybuxc5aSo1F30Kjm2RKmXlmXmjCCZwj3Cp3aRQ4p0w root@ubuntu-xenial (ED25519)
<14>Mar 23 22:14:54 ec2: 2048 SHA256:/3J56y5B051FVwEEGDbJnoXJbjnzAXxbPKy9TF2Rtk0 root@ubuntu-xenial (RSA)
<14>Mar 23 22:14:54 ec2: -----END SSH HOST KEY FINGERPRINTS-----
<14>Mar 23 22:14:54 ec2: #############################################################
-----BEGIN SSH HOST KEY KEYS-----
ecdsa-sha2-nistp256 AAAAE2VjZHNhLXNoYTItbmlzdHAyNTYAAAAIbmlzdHAyNTYAAABBBPtATKc1+A5GWSFdPkUgb0H7lJdCsK9v+QCmKwOBtyeDRk/TQwa3y9yzRG/GqZFkiYuK5k049099+pwjUhi8ESI= root@ubuntu-xenial
ssh-ed25519 AAAAC3NzaC1lZDI1NTE5AAAAIIoD2MVp8/RmvGC2u90t7WxzIoBJmQ4AA/vUClH3spOC root@ubuntu-xenial
ssh-rsa AAAAB3NzaC1yc2EAAAADAQABAAABAQDDyDfVhUN16hULPU6ofjrS26ie8K61lWjU99LvymHAOWdl1qAX+JjxGjU1M9PEm2SEtOwA/4uND8AF/cE+iivvwqT3Go5xnJyXNMRGeO83cpW9+F03snxtlVJNzf1a21w9T+2qDcHUeMYaj9BRxXkgo4zmB9irMeLjzK+eDe2JFgnw/wJ5n3wAbSpHKlTjgpEm3Uj3v+O/9sM4bpn9sLKwLv5Pmx8/h0XKzkwPb5NoXkBjSvu4L1cdiNQnD8yBoenLtELN6Z7Xcgbri6yh3kgONpEJVTOLxzbBTGR8kL2ctxuAxZxRsoijZGBCchPC8ApPQmnrdAQigMifidhzwQad root@ubuntu-xenial
-----END SSH HOST KEY KEYS-----
[[0;32m  OK  [0m] Started Session 2 of user ubuntu.
[   48.477942] cloud-init[1411]: Cloud-init v. 0.7.8 running 'modules:final' at Thu, 23 Mar 2017 22:14:54 +0000. Up 47.34 seconds.
[   48.644360] cloud-init[1411]: ci-info: no authorized ssh keys fingerprints found for user ubuntu.
[   48.644532] cloud-init[1411]: Cloud-init v. 0.7.8 finished at Thu, 23 Mar 2017 22:14:55 +0000. Datasource DataSourceNoCloud [seed=/dev/sdb][dsmode=net].  Up 48.46 seconds
[[0;32m  OK  [0m] Started Execute cloud user/final scripts.
[[0;32m  OK  [0m] Reached target Cloud-init target.

Ubuntu 16.04.1 LTS ubuntu-xenial ttyS0

ubuntu-xenial login: 